[I 2026-03-11 14:46:19.146 ServerApp] jupyter_lsp | extension was successfully linked.
[I 2026-03-11 14:46:19.148 ServerApp] jupyter_server_terminals | extension was successfully linked.
[W 2026-03-11 14:46:19.149 LabApp] 'ip' has moved from NotebookApp to ServerApp. This config will be passed to ServerApp. Be sure to update your config before our next release.
[W 2026-03-11 14:46:19.149 LabApp] 'port' has moved from NotebookApp to ServerApp. This config will be passed to ServerApp. Be sure to update your config before our next release.
[W 2026-03-11 14:46:19.149 LabApp] 'allow_root' has moved from NotebookApp to ServerApp. This config will be passed to ServerApp. Be sure to update your config before our next release.
[W 2026-03-11 14:46:19.149 LabApp] 'allow_root' has moved from NotebookApp to ServerApp. This config will be passed to ServerApp. Be sure to update your config before our next release.
[I 2026-03-11 14:46:19.151 ServerApp] jupyterlab | extension was successfully linked.
[I 2026-03-11 14:46:19.297 ServerApp] notebook_shim | extension was successfully linked.
[I 2026-03-11 14:46:19.313 ServerApp] notebook_shim | extension was successfully loaded.
[I 2026-03-11 14:46:19.315 ServerApp] jupyter_lsp | extension was successfully loaded.
[I 2026-03-11 14:46:19.315 ServerApp] jupyter_server_terminals | extension was successfully loaded.
[I 2026-03-11 14:46:19.316 LabApp] JupyterLab extension loaded from /opt/conda/lib/python3.10/site-packages/jupyterlab
[I 2026-03-11 14:46:19.316 LabApp] JupyterLab application directory is /opt/conda/share/jupyter/lab
[I 2026-03-11 14:46:19.317 LabApp] Extension Manager is 'pypi'.
[I 2026-03-11 14:46:19.339 ServerApp] jupyterlab | extension was successfully loaded.
[I 2026-03-11 14:46:19.340 ServerApp] The port 8888 is already in use, trying another port.
[I 2026-03-11 14:46:19.340 ServerApp] Serving notebooks from local directory: /hyemin/denoising
[I 2026-03-11 14:46:19.340 ServerApp] Jupyter Server 2.13.0 is running at:
[I 2026-03-11 14:46:19.340 ServerApp] http://e16865f5a6a2:8889/lab
[I 2026-03-11 14:46:19.340 ServerApp]     http://127.0.0.1:8889/lab
[I 2026-03-11 14:46:19.340 ServerApp] Use Control-C to stop this server and shut down all kernels (twice to skip confirmation).
[W 2026-03-11 14:46:19.342 ServerApp] No web browser found: Error('could not locate runnable browser').
[I 2026-03-11 14:46:19.361 ServerApp] Skipped non-installed server(s): bash-language-server, dockerfile-language-server-nodejs, javascript-typescript-langserver, jedi-language-server, julia-language-server, pyright, python-language-server, python-lsp-server, r-languageserver, sql-language-server, texlab, typescript-language-server, unified-language-server, vscode-css-languageserver-bin, vscode-html-languageserver-bin, vscode-json-languageserver-bin, yaml-language-server
